0 info it worked if it ends with ok
1 verbose cli [ '/Users/drewwyatt/.nvm/versions/node/v6.6.0/bin/node',
1 verbose cli   '/Users/drewwyatt/.nvm/versions/node/v6.6.0/bin/npm',
1 verbose cli   'install',
1 verbose cli   '--save-dev',
1 verbose cli   '@types/react-mdl/extra' ]
2 info using npm@3.10.3
3 info using node@v6.6.0
4 silly loadCurrentTree Starting
5 silly install loadCurrentTree
6 silly install readLocalPackageData
7 silly fetchPackageMetaData @types/react-mdl/extra
8 silly fetchOtherPackageData @types/react-mdl/extra
9 silly cache add args [ '@types/react-mdl/extra', null ]
10 verbose cache add spec @types/react-mdl/extra
11 silly cache add parsed spec Result {
11 silly cache add   raw: '@types/react-mdl/extra',
11 silly cache add   scope: null,
11 silly cache add   escapedName: null,
11 silly cache add   name: null,
11 silly cache add   rawSpec: '@types/react-mdl/extra',
11 silly cache add   spec: '/Users/drewwyatt/Projects/go-transfer-web/@types/react-mdl/extra',
11 silly cache add   type: 'local' }
12 error addLocal Could not install /Users/drewwyatt/Projects/go-transfer-web/@types/react-mdl/extra
13 silly fetchPackageMetaData Error: ENOENT: no such file or directory, open '/Users/drewwyatt/Projects/go-transfer-web/@types/react-mdl/extra'
13 silly fetchPackageMetaData     at Error (native)
13 silly fetchPackageMetaData  error for @types/react-mdl/extra { Error: ENOENT: no such file or directory, open '/Users/drewwyatt/Projects/go-transfer-web/@types/react-mdl/extra'
13 silly fetchPackageMetaData     at Error (native)
13 silly fetchPackageMetaData   errno: -2,
13 silly fetchPackageMetaData   code: 'ENOENT',
13 silly fetchPackageMetaData   syscall: 'open',
13 silly fetchPackageMetaData   path: '/Users/drewwyatt/Projects/go-transfer-web/@types/react-mdl/extra' }
14 silly rollbackFailedOptional Starting
15 silly rollbackFailedOptional Finishing
16 silly runTopLevelLifecycles Starting
17 silly runTopLevelLifecycles Finishing
18 silly install printInstalled
19 verbose stack Error: ENOENT: no such file or directory, open '/Users/drewwyatt/Projects/go-transfer-web/@types/react-mdl/extra'
19 verbose stack     at Error (native)
20 verbose cwd /Users/drewwyatt/Projects/go-transfer-web
21 error Darwin 15.6.0
22 error argv "/Users/drewwyatt/.nvm/versions/node/v6.6.0/bin/node" "/Users/drewwyatt/.nvm/versions/node/v6.6.0/bin/npm" "install" "--save-dev" "@types/react-mdl/extra"
23 error node v6.6.0
24 error npm  v3.10.3
25 error path /Users/drewwyatt/Projects/go-transfer-web/@types/react-mdl/extra
26 error code ENOENT
27 error errno -2
28 error syscall open
29 error enoent ENOENT: no such file or directory, open '/Users/drewwyatt/Projects/go-transfer-web/@types/react-mdl/extra'
30 error enoent ENOENT: no such file or directory, open '/Users/drewwyatt/Projects/go-transfer-web/@types/react-mdl/extra'
30 error enoent This is most likely not a problem with npm itself
30 error enoent and is related to npm not being able to find a file.
31 verbose exit [ -2, true ]
